<?xml version="1.0" encoding="UTF-8"?>
<testng-results ignored="0" total="3" passed="3" failed="0" skipped="0">
  <reporter-output>
  </reporter-output>
  <suite started-at="2023-03-21T11:12:52 IST" name="Default suite" finished-at="2023-03-21T11:14:47 IST" duration-ms="114657">
    <groups>
      <group name="cucumber">
        <method signature="AbstractTestNGCucumberTests.runScenario(io.cucumber.testng.PickleWrapper,io.cucumber.testng.FeatureWrapper)[pri:0, instance:TestRunner.Runner@385c9627]" name="runScenario" class="io.cucumber.testng.AbstractTestNGCucumberTests"/>
      </group> <!-- cucumber -->
    </groups>
    <test started-at="2023-03-21T11:12:52 IST" name="Default test" finished-at="2023-03-21T11:14:47 IST" duration-ms="114657">
      <class name="TestRunner.Runner">
        <test-method is-config="true" signature="setUpClass(org.testng.ITestContext)[pri:0, instance:TestRunner.Runner@385c9627]" started-at="2023-03-21T11:12:53 IST" name="setUpClass" finished-at="2023-03-21T11:12:54 IST" duration-ms="1265" status="PASS">
          <params>
            <param index="0">
              <value>
                <![CDATA[org.testng.TestRunner@e993715]]>
              </value>
            </param>
          </params>
          <reporter-output>
          </reporter-output>
        </test-method> <!-- setUpClass -->
        <test-method signature="runScenario(io.cucumber.testng.PickleWrapper,io.cucumber.testng.FeatureWrapper)[pri:0, instance:TestRunner.Runner@385c9627]" started-at="2023-03-21T11:12:54 IST" name="runScenario" description="Runs Cucumber Scenarios" data-provider="scenarios" finished-at="2023-03-21T11:13:36 IST" duration-ms="41947" status="PASS">
          <params>
            <param index="0">
              <value>
                <![CDATA["Login to Amazon page and get a phones final price after applying exchange offer."]]>
              </value>
            </param>
            <param index="1">
              <value>
                <![CDATA["Login to Amazon and check a smartphones cost after applying buy with exchange offer."]]>
              </value>
            </param>
          </params>
          <reporter-output>
          </reporter-output>
        </test-method> <!-- runScenario -->
        <test-method signature="runScenario(io.cucumber.testng.PickleWrapper,io.cucumber.testng.FeatureWrapper)[pri:0, instance:TestRunner.Runner@385c9627]" started-at="2023-03-21T11:13:36 IST" name="runScenario" description="Runs Cucumber Scenarios" data-provider="scenarios" finished-at="2023-03-21T11:14:11 IST" duration-ms="35686" status="PASS">
          <params>
            <param index="0">
              <value>
                <![CDATA["Login to Amazon page and get a phones final price after applying exchange offer."]]>
              </value>
            </param>
            <param index="1">
              <value>
                <![CDATA["Login to Amazon and check a smartphones cost after applying buy with exchange offer."]]>
              </value>
            </param>
          </params>
          <reporter-output>
          </reporter-output>
        </test-method> <!-- runScenario -->
        <test-method signature="runScenario(io.cucumber.testng.PickleWrapper,io.cucumber.testng.FeatureWrapper)[pri:0, instance:TestRunner.Runner@385c9627]" started-at="2023-03-21T11:14:11 IST" name="runScenario" description="Runs Cucumber Scenarios" data-provider="scenarios" finished-at="2023-03-21T11:14:47 IST" duration-ms="35580" status="PASS">
          <params>
            <param index="0">
              <value>
                <![CDATA["Login to Amazon page and get a phones final price after applying exchange offer."]]>
              </value>
            </param>
            <param index="1">
              <value>
                <![CDATA["Login to Amazon and check a smartphones cost after applying buy with exchange offer."]]>
              </value>
            </param>
          </params>
          <reporter-output>
          </reporter-output>
        </test-method> <!-- runScenario -->
        <test-method is-config="true" signature="tearDownClass()[pri:0, instance:TestRunner.Runner@385c9627]" started-at="2023-03-21T11:14:47 IST" name="tearDownClass" finished-at="2023-03-21T11:14:47 IST" duration-ms="74" status="PASS">
          <reporter-output>
          </reporter-output>
        </test-method> <!-- tearDownClass -->
      </class> <!-- TestRunner.Runner -->
    </test> <!-- Default test -->
  </suite> <!-- Default suite -->
</testng-results>
